<?xml version="1.0" encoding="UTF-8"?>
<!-- Generated by org.testng.reporters.JUnitXMLReporter -->
<testsuite hostname="DESKTOP-4C220HH" ignored="2" name="Test" tests="83" failures="31" timestamp="2020-12-18T13:03:02 EST" time="1418.073" errors="0">
  <testcase name="loginTest" time="3.99" classname="testcases.LoginPage_Test"/>
  <testcase name="systemrecord_validation" time="8.392" classname="testcases.SystemRecordingPage_Test"/>
  <testcase name="add_systemrecord" time="4.224" classname="testcases.SystemRecordingPage_Test">
    <failure type="java.lang.NullPointerException">
      <![CDATA[java.lang.NullPointerException
at reusefunctions.ReuseFunctions.takeScreenshotAtEndOfTest(ReuseFunctions.java:57)
at webeventlistner.WebEventListener.onException(WebEventListener.java:63)
at org.openqa.selenium.support.events.EventFiringWebDriver.lambda$new$0(EventFiringWebDriver.java:84)
at com.sun.proxy.$Proxy9.onException(Unknown Source)
at org.openqa.selenium.support.events.EventFiringWebDriver$EventFiringWebElement.lambda$new$0(EventFiringWebDriver.java:406)
at com.sun.proxy.$Proxy15.sendKeys(Unknown Source)
at org.openqa.selenium.support.events.EventFiringWebDriver$EventFiringWebElement.sendKeys(EventFiringWebDriver.java:429)
at org.openqa.selenium.support.pagefactory.internal.LocatingElementHandler.invoke(LocatingElementHandler.java:51)
at com.sun.proxy.$Proxy14.sendKeys(Unknown Source)
at webpages.SystemRecordingPage.add_systemrecord(SystemRecordingPage.java:82)
at testcases.SystemRecordingPage_Test.add_systemrecord(SystemRecordingPage_Test.java:47)
at java.util.ArrayList.forEach(ArrayList.java:1257)
... Removed 35 stack frames]]>
    </failure>
  </testcase> <!-- add_systemrecord -->
  <testcase name="edit_systemrecord" time="25.069" classname="testcases.SystemRecordingPage_Test">
    <failure type="java.lang.NullPointerException">
      <![CDATA[java.lang.NullPointerException
at reusefunctions.ReuseFunctions.takeScreenshotAtEndOfTest(ReuseFunctions.java:57)
at webeventlistner.WebEventListener.onException(WebEventListener.java:63)
at org.openqa.selenium.support.events.EventFiringWebDriver.lambda$new$0(EventFiringWebDriver.java:84)
at com.sun.proxy.$Proxy9.onException(Unknown Source)
at org.openqa.selenium.support.events.EventFiringWebDriver.lambda$new$1(EventFiringWebDriver.java:107)
at com.sun.proxy.$Proxy10.findElement(Unknown Source)
at org.openqa.selenium.support.events.EventFiringWebDriver.findElement(EventFiringWebDriver.java:194)
at org.openqa.selenium.support.pagefactory.DefaultElementLocator.findElement(DefaultElementLocator.java:69)
at org.openqa.selenium.support.pagefactory.internal.LocatingElementHandler.invoke(LocatingElementHandler.java:38)
at com.sun.proxy.$Proxy14.click(Unknown Source)
at webpages.SystemRecordingPage.edit_systemrecord(SystemRecordingPage.java:93)
at testcases.SystemRecordingPage_Test.edit_systemrecord(SystemRecordingPage_Test.java:56)
at java.util.ArrayList.forEach(ArrayList.java:1257)
... Removed 31 stack frames]]>
    </failure>
  </testcase> <!-- edit_systemrecord -->
  <testcase name="delete_systemrecord" time="25.065" classname="testcases.SystemRecordingPage_Test">
    <failure type="java.lang.NullPointerException">
      <![CDATA[java.lang.NullPointerException
at reusefunctions.ReuseFunctions.takeScreenshotAtEndOfTest(ReuseFunctions.java:57)
at webeventlistner.WebEventListener.onException(WebEventListener.java:63)
at org.openqa.selenium.support.events.EventFiringWebDriver.lambda$new$0(EventFiringWebDriver.java:84)
at com.sun.proxy.$Proxy9.onException(Unknown Source)
at org.openqa.selenium.support.events.EventFiringWebDriver.lambda$new$1(EventFiringWebDriver.java:107)
at com.sun.proxy.$Proxy10.findElement(Unknown Source)
at org.openqa.selenium.support.events.EventFiringWebDriver.findElement(EventFiringWebDriver.java:194)
at org.openqa.selenium.support.pagefactory.DefaultElementLocator.findElement(DefaultElementLocator.java:69)
at org.openqa.selenium.support.pagefactory.internal.LocatingElementHandler.invoke(LocatingElementHandler.java:38)
at com.sun.proxy.$Proxy14.click(Unknown Source)
at webpages.SystemRecordingPage.delete_systemrecord(SystemRecordingPage.java:108)
at testcases.SystemRecordingPage_Test.delete_systemrecord(SystemRecordingPage_Test.java:65)
at java.util.ArrayList.forEach(ArrayList.java:1257)
... Removed 31 stack frames]]>
    </failure>
  </testcase> <!-- delete_systemrecord -->
  <testcase name="withoutselectradioedit" time="25.157" classname="testcases.SystemRecordingPage_Test">
    <failure type="java.lang.NullPointerException">
      <![CDATA[java.lang.NullPointerException
at reusefunctions.ReuseFunctions.takeScreenshotAtEndOfTest(ReuseFunctions.java:57)
at webeventlistner.WebEventListener.onException(WebEventListener.java:63)
at org.openqa.selenium.support.events.EventFiringWebDriver.lambda$new$0(EventFiringWebDriver.java:84)
at com.sun.proxy.$Proxy9.onException(Unknown Source)
at org.openqa.selenium.support.events.EventFiringWebDriver$EventFiringWebElement.lambda$new$0(EventFiringWebDriver.java:406)
at com.sun.proxy.$Proxy15.click(Unknown Source)
at org.openqa.selenium.support.events.EventFiringWebDriver$EventFiringWebElement.click(EventFiringWebDriver.java:417)
at org.openqa.selenium.support.pagefactory.internal.LocatingElementHandler.invoke(LocatingElementHandler.java:51)
at com.sun.proxy.$Proxy14.click(Unknown Source)
at webpages.SystemRecordingPage.withoutselectradioedit(SystemRecordingPage.java:123)
at testcases.SystemRecordingPage_Test.withoutselectradioedit(SystemRecordingPage_Test.java:74)
at java.util.ArrayList.forEach(ArrayList.java:1257)
... Removed 35 stack frames]]>
    </failure>
  </testcase> <!-- withoutselectradioedit -->
  <testcase name="withoutselectradiodelete" time="25.122" classname="testcases.SystemRecordingPage_Test">
    <failure type="java.lang.NullPointerException">
      <![CDATA[java.lang.NullPointerException
at reusefunctions.ReuseFunctions.takeScreenshotAtEndOfTest(ReuseFunctions.java:57)
at webeventlistner.WebEventListener.onException(WebEventListener.java:63)
at org.openqa.selenium.support.events.EventFiringWebDriver.lambda$new$0(EventFiringWebDriver.java:84)
at com.sun.proxy.$Proxy9.onException(Unknown Source)
at org.openqa.selenium.support.events.EventFiringWebDriver$EventFiringWebElement.lambda$new$0(EventFiringWebDriver.java:406)
at com.sun.proxy.$Proxy15.click(Unknown Source)
at org.openqa.selenium.support.events.EventFiringWebDriver$EventFiringWebElement.click(EventFiringWebDriver.java:417)
at org.openqa.selenium.support.pagefactory.internal.LocatingElementHandler.invoke(LocatingElementHandler.java:51)
at com.sun.proxy.$Proxy14.click(Unknown Source)
at webpages.SystemRecordingPage.withoutselectradiodelete(SystemRecordingPage.java:133)
at testcases.SystemRecordingPage_Test.withoutselectradiodelete(SystemRecordingPage_Test.java:82)
at java.util.ArrayList.forEach(ArrayList.java:1257)
... Removed 34 stack frames]]>
    </failure>
  </testcase> <!-- withoutselectradiodelete -->
  <testcase name="directory_validation" time="6.305" classname="testcases.DirectoryPage_Test"/>
  <testcase name="add_directroy" time="11.14" classname="testcases.DirectoryPage_Test"/>
  <testcase name="assign_directroy" time="6.495" classname="testcases.DirectoryPage_Test"/>
  <testcase name="edit_directroy" time="10.301" classname="testcases.DirectoryPage_Test"/>
  <testcase name="delete_directroy" time="7.563" classname="testcases.DirectoryPage_Test"/>
  <testcase name="withoutradiodelete" time="5.258" classname="testcases.DirectoryPage_Test"/>
  <testcase name="withoutradioedit" time="5.194" classname="testcases.DirectoryPage_Test"/>
  <testcase name="extension_validation" time="6.756" classname="testcases.ListofExtensionsPage_test"/>
  <testcase name="add_extension" time="6.867" classname="testcases.ListofExtensionsPage_test"/>
  <testcase name="edit_extension" time="10.526" classname="testcases.ListofExtensionsPage_test"/>
  <testcase name="followme_extension" time="31.37" classname="testcases.ListofExtensionsPage_test">
    <failure type="org.openqa.selenium.NoSuchElementException" message="Cannot locate element with text: SURE
For documentation on this error, please visit: http://seleniumhq.org/exceptions/no_such_element.html
Build info: version: &amp;apos;3.141.5&amp;apos;, revision: &amp;apos;d54ebd709a&amp;apos;, time: &amp;apos;2018-11-06T11:42:16&amp;apos;
System info: host: &amp;apos;DESKTOP-4C220HH&amp;apos;, ip: &amp;apos;192.168.200.23&amp;apos;, os.name: &amp;apos;Windows 10&amp;apos;, os.arch: &amp;apos;amd64&amp;apos;, os.version: &amp;apos;10.0&amp;apos;, java.version: &amp;apos;1.8.0_251&amp;apos;
Driver info: driver.version: unknown">
      <![CDATA[org.openqa.selenium.NoSuchElementException: Cannot locate element with text: SURE
For documentation on this error, please visit: http://seleniumhq.org/exceptions/no_such_element.html
Build info: version: '3.141.5', revision: 'd54ebd709a', time: '2018-11-06T11:42:16'
System info: host: 'DESKTOP-4C220HH', ip: '192.168.200.23', os.name: 'Windows 10', os.arch: 'amd64', os.version: '10.0', java.version: '1.8.0_251'
Driver info: driver.version: unknown
at org.openqa.selenium.support.ui.Select.selectByVisibleText(Select.java:141)
at webpages.ListofExtensionsPage.followme_extension(ListofExtensionsPage.java:183)
at testcases.ListofExtensionsPage_test.followme_extension(ListofExtensionsPage_test.java:56)
at java.util.ArrayList.forEach(ArrayList.java:1257)
... Removed 27 stack frames]]>
    </failure>
  </testcase> <!-- followme_extension -->
  <testcase name="edit_follow_extension" time="33.218" classname="testcases.ListofExtensionsPage_test">
    <failure type="org.openqa.selenium.NoSuchElementException" message="Cannot locate element with text: 38-6666
For documentation on this error, please visit: http://seleniumhq.org/exceptions/no_such_element.html
Build info: version: &amp;apos;3.141.5&amp;apos;, revision: &amp;apos;d54ebd709a&amp;apos;, time: &amp;apos;2018-11-06T11:42:16&amp;apos;
System info: host: &amp;apos;DESKTOP-4C220HH&amp;apos;, ip: &amp;apos;192.168.200.23&amp;apos;, os.name: &amp;apos;Windows 10&amp;apos;, os.arch: &amp;apos;amd64&amp;apos;, os.version: &amp;apos;10.0&amp;apos;, java.version: &amp;apos;1.8.0_251&amp;apos;
Driver info: driver.version: unknown">
      <![CDATA[org.openqa.selenium.NoSuchElementException: Cannot locate element with text: 38-6666
For documentation on this error, please visit: http://seleniumhq.org/exceptions/no_such_element.html
Build info: version: '3.141.5', revision: 'd54ebd709a', time: '2018-11-06T11:42:16'
System info: host: 'DESKTOP-4C220HH', ip: '192.168.200.23', os.name: 'Windows 10', os.arch: 'amd64', os.version: '10.0', java.version: '1.8.0_251'
Driver info: driver.version: unknown
at org.openqa.selenium.support.ui.Select.selectByVisibleText(Select.java:141)
at webpages.ListofExtensionsPage.edit_follow_extension(ListofExtensionsPage.java:207)
at testcases.ListofExtensionsPage_test.edit_follow_extension(ListofExtensionsPage_test.java:64)
at java.util.ArrayList.forEach(ArrayList.java:1257)
... Removed 27 stack frames]]>
    </failure>
  </testcase> <!-- edit_follow_extension -->
  <testcase name="check_bulk_extension" time="27.958" classname="testcases.ListofExtensionsPage_test">
    <failure type="org.openqa.selenium.NoSuchElementException" message="Cannot locate element with text: 25
For documentation on this error, please visit: http://seleniumhq.org/exceptions/no_such_element.html
Build info: version: &amp;apos;3.141.5&amp;apos;, revision: &amp;apos;d54ebd709a&amp;apos;, time: &amp;apos;2018-11-06T11:42:16&amp;apos;
System info: host: &amp;apos;DESKTOP-4C220HH&amp;apos;, ip: &amp;apos;192.168.200.23&amp;apos;, os.name: &amp;apos;Windows 10&amp;apos;, os.arch: &amp;apos;amd64&amp;apos;, os.version: &amp;apos;10.0&amp;apos;, java.version: &amp;apos;1.8.0_251&amp;apos;
Driver info: driver.version: unknown">
      <![CDATA[org.openqa.selenium.NoSuchElementException: Cannot locate element with text: 25
For documentation on this error, please visit: http://seleniumhq.org/exceptions/no_such_element.html
Build info: version: '3.141.5', revision: 'd54ebd709a', time: '2018-11-06T11:42:16'
System info: host: 'DESKTOP-4C220HH', ip: '192.168.200.23', os.name: 'Windows 10', os.arch: 'amd64', os.version: '10.0', java.version: '1.8.0_251'
Driver info: driver.version: unknown
at org.openqa.selenium.support.ui.Select.selectByVisibleText(Select.java:141)
at webpages.ListofExtensionsPage.check_bulk_extension(ListofExtensionsPage.java:223)
at testcases.ListofExtensionsPage_test.check_bulk_extension(ListofExtensionsPage_test.java:72)
at java.util.ArrayList.forEach(ArrayList.java:1257)
... Removed 27 stack frames]]>
    </failure>
  </testcase> <!-- check_bulk_extension -->
  <testcase name="delete_extension" time="27.467" classname="testcases.ListofExtensionsPage_test">
    <failure type="java.lang.NullPointerException">
      <![CDATA[java.lang.NullPointerException
at reusefunctions.ReuseFunctions.takeScreenshotAtEndOfTest(ReuseFunctions.java:57)
at webeventlistner.WebEventListener.onException(WebEventListener.java:63)
at org.openqa.selenium.support.events.EventFiringWebDriver.lambda$new$0(EventFiringWebDriver.java:84)
at com.sun.proxy.$Proxy9.onException(Unknown Source)
at org.openqa.selenium.support.events.EventFiringWebDriver.lambda$new$1(EventFiringWebDriver.java:107)
at com.sun.proxy.$Proxy10.findElement(Unknown Source)
at org.openqa.selenium.support.events.EventFiringWebDriver.findElement(EventFiringWebDriver.java:194)
at org.openqa.selenium.support.pagefactory.DefaultElementLocator.findElement(DefaultElementLocator.java:69)
at org.openqa.selenium.support.pagefactory.internal.LocatingElementHandler.invoke(LocatingElementHandler.java:38)
at com.sun.proxy.$Proxy14.getText(Unknown Source)
at webpages.ListofExtensionsPage.delete_extension(ListofExtensionsPage.java:240)
at testcases.ListofExtensionsPage_test.delete_extension(ListofExtensionsPage_test.java:79)
at java.util.ArrayList.forEach(ArrayList.java:1257)
... Removed 31 stack frames]]>
    </failure>
  </testcase> <!-- delete_extension -->
  <testcase name="extension_validation" time="7.177" classname="testcases.ListofExtensionsSipPage_Test"/>
  <testcase name="add_extension" time="11.162" classname="testcases.ListofExtensionsSipPage_Test"/>
  <testcase name="edit_extension" time="10.423" classname="testcases.ListofExtensionsSipPage_Test"/>
  <testcase name="followme_extension" time="12.78" classname="testcases.ListofExtensionsSipPage_Test"/>
  <testcase name="edit_follow_extension" time="12.84" classname="testcases.ListofExtensionsSipPage_Test"/>
  <testcase name="check_bulk_extension" time="27.724" classname="testcases.ListofExtensionsSipPage_Test">
    <failure type="org.openqa.selenium.NoSuchElementException" message="Cannot locate element with text: 25
For documentation on this error, please visit: http://seleniumhq.org/exceptions/no_such_element.html
Build info: version: &amp;apos;3.141.5&amp;apos;, revision: &amp;apos;d54ebd709a&amp;apos;, time: &amp;apos;2018-11-06T11:42:16&amp;apos;
System info: host: &amp;apos;DESKTOP-4C220HH&amp;apos;, ip: &amp;apos;192.168.200.23&amp;apos;, os.name: &amp;apos;Windows 10&amp;apos;, os.arch: &amp;apos;amd64&amp;apos;, os.version: &amp;apos;10.0&amp;apos;, java.version: &amp;apos;1.8.0_251&amp;apos;
Driver info: driver.version: unknown">
      <![CDATA[org.openqa.selenium.NoSuchElementException: Cannot locate element with text: 25
For documentation on this error, please visit: http://seleniumhq.org/exceptions/no_such_element.html
Build info: version: '3.141.5', revision: 'd54ebd709a', time: '2018-11-06T11:42:16'
System info: host: 'DESKTOP-4C220HH', ip: '192.168.200.23', os.name: 'Windows 10', os.arch: 'amd64', os.version: '10.0', java.version: '1.8.0_251'
Driver info: driver.version: unknown
at org.openqa.selenium.support.ui.Select.selectByVisibleText(Select.java:141)
at webpages.ListofExtensionsSipPage.check_bulk_extension(ListofExtensionsSipPage.java:227)
at testcases.ListofExtensionsSipPage_Test.check_bulk_extension(ListofExtensionsSipPage_Test.java:78)
at java.util.ArrayList.forEach(ArrayList.java:1257)
... Removed 27 stack frames]]>
    </failure>
  </testcase> <!-- check_bulk_extension -->
  <testcase name="delete_extension" time="6.276" classname="testcases.ListofExtensionsSipPage_Test">
    <failure type="java.lang.NullPointerException">
      <![CDATA[java.lang.NullPointerException
at reusefunctions.ReuseFunctions.takeScreenshotAtEndOfTest(ReuseFunctions.java:57)
at webeventlistner.WebEventListener.onException(WebEventListener.java:63)
at org.openqa.selenium.support.events.EventFiringWebDriver.lambda$new$0(EventFiringWebDriver.java:84)
at com.sun.proxy.$Proxy9.onException(Unknown Source)
at org.openqa.selenium.support.events.EventFiringWebDriver$EventFiringWebElement.lambda$new$0(EventFiringWebDriver.java:406)
at com.sun.proxy.$Proxy15.click(Unknown Source)
at org.openqa.selenium.support.events.EventFiringWebDriver$EventFiringWebElement.click(EventFiringWebDriver.java:417)
at org.openqa.selenium.support.pagefactory.internal.LocatingElementHandler.invoke(LocatingElementHandler.java:51)
at com.sun.proxy.$Proxy14.click(Unknown Source)
at webpages.ListofExtensionsSipPage.delete_extension(ListofExtensionsSipPage.java:239)
at testcases.ListofExtensionsSipPage_Test.delete_extension(ListofExtensionsSipPage_Test.java:86)
at java.util.ArrayList.forEach(ArrayList.java:1257)
... Removed 34 stack frames]]>
    </failure>
  </testcase> <!-- delete_extension -->
  <testcase name="announcement_validation" time="6.734" classname="testcases.AnnouncementsPage_Test"/>
  <testcase name="add_announcement" time="7.53" classname="testcases.AnnouncementsPage_Test"/>
  <testcase name="edit_announcement" time="9.979" classname="testcases.AnnouncementsPage_Test"/>
  <testcase name="delete_announcement" time="7.561" classname="testcases.AnnouncementsPage_Test"/>
  <testcase name="musiconhold_validation" time="7.143" classname="testcases.MusiconHoldPage_Test"/>
  <testcase name="add_musichold" time="1.375" classname="testcases.MusiconHoldPage_Test">
    <failure type="java.lang.NullPointerException">
      <![CDATA[java.lang.NullPointerException
at reusefunctions.ReuseFunctions.takeScreenshotAtEndOfTest(ReuseFunctions.java:57)
at webeventlistner.WebEventListener.onException(WebEventListener.java:63)
at org.openqa.selenium.support.events.EventFiringWebDriver.lambda$new$0(EventFiringWebDriver.java:84)
at com.sun.proxy.$Proxy9.onException(Unknown Source)
at org.openqa.selenium.support.events.EventFiringWebDriver$EventFiringWebElement.lambda$new$0(EventFiringWebDriver.java:406)
at com.sun.proxy.$Proxy15.sendKeys(Unknown Source)
at org.openqa.selenium.support.events.EventFiringWebDriver$EventFiringWebElement.sendKeys(EventFiringWebDriver.java:429)
at org.openqa.selenium.support.pagefactory.internal.LocatingElementHandler.invoke(LocatingElementHandler.java:51)
at com.sun.proxy.$Proxy14.sendKeys(Unknown Source)
at webpages.MusiconHoldPage.add_musichold(MusiconHoldPage.java:79)
at testcases.MusiconHoldPage_Test.add_musichold(MusiconHoldPage_Test.java:42)
at java.util.ArrayList.forEach(ArrayList.java:1257)
... Removed 34 stack frames]]>
    </failure>
  </testcase> <!-- add_musichold -->
  <testcase name="edit_musichold" time="25.085" classname="testcases.MusiconHoldPage_Test">
    <failure type="java.lang.NullPointerException">
      <![CDATA[java.lang.NullPointerException
at reusefunctions.ReuseFunctions.takeScreenshotAtEndOfTest(ReuseFunctions.java:57)
at webeventlistner.WebEventListener.onException(WebEventListener.java:63)
at org.openqa.selenium.support.events.EventFiringWebDriver.lambda$new$0(EventFiringWebDriver.java:84)
at com.sun.proxy.$Proxy9.onException(Unknown Source)
at org.openqa.selenium.support.events.EventFiringWebDriver.lambda$new$1(EventFiringWebDriver.java:107)
at com.sun.proxy.$Proxy10.findElement(Unknown Source)
at org.openqa.selenium.support.events.EventFiringWebDriver.findElement(EventFiringWebDriver.java:194)
at org.openqa.selenium.support.pagefactory.DefaultElementLocator.findElement(DefaultElementLocator.java:69)
at org.openqa.selenium.support.pagefactory.internal.LocatingElementHandler.invoke(LocatingElementHandler.java:38)
at com.sun.proxy.$Proxy14.click(Unknown Source)
at webpages.MusiconHoldPage.edit_musichold(MusiconHoldPage.java:90)
at testcases.MusiconHoldPage_Test.edit_musichold(MusiconHoldPage_Test.java:49)
at java.util.ArrayList.forEach(ArrayList.java:1257)
... Removed 31 stack frames]]>
    </failure>
  </testcase> <!-- edit_musichold -->
  <testcase name="delete_musichold" time="25.113" classname="testcases.MusiconHoldPage_Test">
    <failure type="java.lang.NullPointerException">
      <![CDATA[java.lang.NullPointerException
at reusefunctions.ReuseFunctions.takeScreenshotAtEndOfTest(ReuseFunctions.java:57)
at webeventlistner.WebEventListener.onException(WebEventListener.java:63)
at org.openqa.selenium.support.events.EventFiringWebDriver.lambda$new$0(EventFiringWebDriver.java:84)
at com.sun.proxy.$Proxy9.onException(Unknown Source)
at org.openqa.selenium.support.events.EventFiringWebDriver.lambda$new$1(EventFiringWebDriver.java:107)
at com.sun.proxy.$Proxy10.findElement(Unknown Source)
at org.openqa.selenium.support.events.EventFiringWebDriver.findElement(EventFiringWebDriver.java:194)
at org.openqa.selenium.support.pagefactory.DefaultElementLocator.findElement(DefaultElementLocator.java:69)
at org.openqa.selenium.support.pagefactory.internal.LocatingElementHandler.invoke(LocatingElementHandler.java:38)
at com.sun.proxy.$Proxy14.click(Unknown Source)
at webpages.MusiconHoldPage.delete_musichold(MusiconHoldPage.java:111)
at testcases.MusiconHoldPage_Test.delete_musichold(MusiconHoldPage_Test.java:56)
at java.util.ArrayList.forEach(ArrayList.java:1257)
... Removed 31 stack frames]]>
    </failure>
  </testcase> <!-- delete_musichold -->
  <testcase name="field_validation" time="25.144" classname="testcases.MusiconHoldPage_Test">
    <failure type="java.lang.NullPointerException">
      <![CDATA[java.lang.NullPointerException
at reusefunctions.ReuseFunctions.takeScreenshotAtEndOfTest(ReuseFunctions.java:57)
at webeventlistner.WebEventListener.onException(WebEventListener.java:63)
at org.openqa.selenium.support.events.EventFiringWebDriver.lambda$new$0(EventFiringWebDriver.java:84)
at com.sun.proxy.$Proxy9.onException(Unknown Source)
at org.openqa.selenium.support.events.EventFiringWebDriver$EventFiringWebElement.lambda$new$0(EventFiringWebDriver.java:406)
at com.sun.proxy.$Proxy15.click(Unknown Source)
at org.openqa.selenium.support.events.EventFiringWebDriver$EventFiringWebElement.click(EventFiringWebDriver.java:417)
at org.openqa.selenium.support.pagefactory.internal.LocatingElementHandler.invoke(LocatingElementHandler.java:51)
at com.sun.proxy.$Proxy14.click(Unknown Source)
at webpages.MusiconHoldPage.field_validation(MusiconHoldPage.java:124)
at testcases.MusiconHoldPage_Test.field_validation(MusiconHoldPage_Test.java:63)
at java.util.ArrayList.forEach(ArrayList.java:1257)
... Removed 34 stack frames]]>
    </failure>
  </testcase> <!-- field_validation -->
  <testcase name="file_field_validation" time="25.108" classname="testcases.MusiconHoldPage_Test">
    <failure type="java.lang.NullPointerException">
      <![CDATA[java.lang.NullPointerException
at reusefunctions.ReuseFunctions.takeScreenshotAtEndOfTest(ReuseFunctions.java:57)
at webeventlistner.WebEventListener.onException(WebEventListener.java:63)
at org.openqa.selenium.support.events.EventFiringWebDriver.lambda$new$0(EventFiringWebDriver.java:84)
at com.sun.proxy.$Proxy9.onException(Unknown Source)
at org.openqa.selenium.support.events.EventFiringWebDriver$EventFiringWebElement.lambda$new$0(EventFiringWebDriver.java:406)
at com.sun.proxy.$Proxy15.click(Unknown Source)
at org.openqa.selenium.support.events.EventFiringWebDriver$EventFiringWebElement.click(EventFiringWebDriver.java:417)
at org.openqa.selenium.support.pagefactory.internal.LocatingElementHandler.invoke(LocatingElementHandler.java:51)
at com.sun.proxy.$Proxy14.click(Unknown Source)
at webpages.MusiconHoldPage.file_field_validation(MusiconHoldPage.java:136)
at testcases.MusiconHoldPage_Test.file_field_validation(MusiconHoldPage_Test.java:70)
at java.util.ArrayList.forEach(ArrayList.java:1257)
... Removed 34 stack frames]]>
    </failure>
  </testcase> <!-- file_field_validation -->
  <testcase name="queues_validation" time="25.31" classname="testcases.QueuesPage_Test">
    <failure type="java.lang.NullPointerException">
      <![CDATA[java.lang.NullPointerException
at reusefunctions.ReuseFunctions.takeScreenshotAtEndOfTest(ReuseFunctions.java:57)
at webeventlistner.WebEventListener.onException(WebEventListener.java:63)
at org.openqa.selenium.support.events.EventFiringWebDriver.lambda$new$0(EventFiringWebDriver.java:84)
at com.sun.proxy.$Proxy9.onException(Unknown Source)
at org.openqa.selenium.support.events.EventFiringWebDriver.lambda$new$1(EventFiringWebDriver.java:107)
at com.sun.proxy.$Proxy10.findElement(Unknown Source)
at org.openqa.selenium.support.events.EventFiringWebDriver.findElement(EventFiringWebDriver.java:194)
at org.openqa.selenium.support.pagefactory.DefaultElementLocator.findElement(DefaultElementLocator.java:69)
at org.openqa.selenium.support.pagefactory.internal.LocatingElementHandler.invoke(LocatingElementHandler.java:38)
at com.sun.proxy.$Proxy14.click(Unknown Source)
at webpages.QueuesPage.queues_validation(QueuesPage.java:102)
at testcases.QueuesPage_Test.queues_validation(QueuesPage_Test.java:37)
at java.util.ArrayList.forEach(ArrayList.java:1257)
... Removed 31 stack frames]]>
    </failure>
  </testcase> <!-- queues_validation -->
  <testcase name="add_queues" time="21.311" classname="testcases.QueuesPage_Test">
    <failure type="java.lang.NullPointerException">
      <![CDATA[java.lang.NullPointerException
at reusefunctions.ReuseFunctions.takeScreenshotAtEndOfTest(ReuseFunctions.java:57)
at webeventlistner.WebEventListener.onException(WebEventListener.java:63)
at org.openqa.selenium.support.events.EventFiringWebDriver.lambda$new$0(EventFiringWebDriver.java:84)
at com.sun.proxy.$Proxy9.onException(Unknown Source)
at org.openqa.selenium.support.events.EventFiringWebDriver.lambda$new$1(EventFiringWebDriver.java:107)
at com.sun.proxy.$Proxy10.findElement(Unknown Source)
at org.openqa.selenium.support.events.EventFiringWebDriver.findElement(EventFiringWebDriver.java:194)
at org.openqa.selenium.support.pagefactory.DefaultElementLocator.findElement(DefaultElementLocator.java:69)
at org.openqa.selenium.support.pagefactory.internal.LocatingElementHandler.invoke(LocatingElementHandler.java:38)
at com.sun.proxy.$Proxy14.click(Unknown Source)
at webpages.QueuesPage.add_queues(QueuesPage.java:113)
at testcases.QueuesPage_Test.add_queues(QueuesPage_Test.java:45)
at java.util.ArrayList.forEach(ArrayList.java:1257)
... Removed 31 stack frames]]>
    </failure>
  </testcase> <!-- add_queues -->
  <testcase name="edit_queues" time="25.045" classname="testcases.QueuesPage_Test">
    <failure type="java.lang.NullPointerException">
      <![CDATA[java.lang.NullPointerException
at reusefunctions.ReuseFunctions.takeScreenshotAtEndOfTest(ReuseFunctions.java:57)
at webeventlistner.WebEventListener.onException(WebEventListener.java:63)
at org.openqa.selenium.support.events.EventFiringWebDriver.lambda$new$0(EventFiringWebDriver.java:84)
at com.sun.proxy.$Proxy9.onException(Unknown Source)
at org.openqa.selenium.support.events.EventFiringWebDriver.lambda$new$1(EventFiringWebDriver.java:107)
at com.sun.proxy.$Proxy10.findElement(Unknown Source)
at org.openqa.selenium.support.events.EventFiringWebDriver.findElement(EventFiringWebDriver.java:194)
at org.openqa.selenium.support.pagefactory.DefaultElementLocator.findElement(DefaultElementLocator.java:69)
at org.openqa.selenium.support.pagefactory.internal.LocatingElementHandler.invoke(LocatingElementHandler.java:38)
at com.sun.proxy.$Proxy14.click(Unknown Source)
at webpages.QueuesPage.edit_queues(QueuesPage.java:182)
at testcases.QueuesPage_Test.edit_queues(QueuesPage_Test.java:53)
at java.util.ArrayList.forEach(ArrayList.java:1257)
... Removed 31 stack frames]]>
    </failure>
  </testcase> <!-- edit_queues -->
  <testcase name="delete_queues" time="25.057" classname="testcases.QueuesPage_Test">
    <failure type="java.lang.NullPointerException">
      <![CDATA[java.lang.NullPointerException
at reusefunctions.ReuseFunctions.takeScreenshotAtEndOfTest(ReuseFunctions.java:57)
at webeventlistner.WebEventListener.onException(WebEventListener.java:63)
at org.openqa.selenium.support.events.EventFiringWebDriver.lambda$new$0(EventFiringWebDriver.java:84)
at com.sun.proxy.$Proxy9.onException(Unknown Source)
at org.openqa.selenium.support.events.EventFiringWebDriver.lambda$new$1(EventFiringWebDriver.java:107)
at com.sun.proxy.$Proxy10.findElement(Unknown Source)
at org.openqa.selenium.support.events.EventFiringWebDriver.findElement(EventFiringWebDriver.java:194)
at org.openqa.selenium.support.pagefactory.DefaultElementLocator.findElement(DefaultElementLocator.java:69)
at org.openqa.selenium.support.pagefactory.internal.LocatingElementHandler.invoke(LocatingElementHandler.java:38)
at com.sun.proxy.$Proxy14.click(Unknown Source)
at webpages.QueuesPage.delete_queues(QueuesPage.java:209)
at testcases.QueuesPage_Test.delete_queues(QueuesPage_Test.java:60)
at java.util.ArrayList.forEach(ArrayList.java:1257)
... Removed 31 stack frames]]>
    </failure>
  </testcase> <!-- delete_queues -->
  <testcase name="ringgroup_validation" time="7.146" classname="testcases.RingGroupsPage_Test"/>
  <testcase name="add_ringgroup" time="8.52" classname="testcases.RingGroupsPage_Test"/>
  <testcase name="edit_ringgroup" time="18.914" classname="testcases.RingGroupsPage_Test"/>
  <testcase name="delete_ringgroup" time="7.736" classname="testcases.RingGroupsPage_Test"/>
  <testcase name="conferencepage_validation" time="12.487" classname="testcases.ConferencePage_Test"/>
  <testcase name="add_conferencepage" time="7.638" classname="testcases.ConferencePage_Test"/>
  <testcase name="edit_conferencepage" time="14.834" classname="testcases.ConferencePage_Test"/>
  <testcase name="radiodelete_conferencepage" time="0.001" classname="testcases.ConferencePage_Test"/>
  <testcase name="delete_conferencepage" time="5.75" classname="testcases.ConferencePage_Test"/>
  <testcase name="timezone_validation" time="6.294" classname="testcases.TimeZonePage_Test"/>
  <testcase name="add_timezone" time="12.217" classname="testcases.TimeZonePage_Test"/>
  <testcase name="timegroup_validation" time="7.346" classname="testcases.TimeGroupsPage_Test"/>
  <testcase name="add_timegroup" time="46.832" classname="testcases.TimeGroupsPage_Test">
    <failure type="java.lang.NullPointerException">
      <![CDATA[java.lang.NullPointerException
at reusefunctions.ReuseFunctions.takeScreenshotAtEndOfTest(ReuseFunctions.java:57)
at webeventlistner.WebEventListener.onException(WebEventListener.java:63)
at org.openqa.selenium.support.events.EventFiringWebDriver.lambda$new$0(EventFiringWebDriver.java:84)
at com.sun.proxy.$Proxy9.onException(Unknown Source)
at org.openqa.selenium.support.events.EventFiringWebDriver.lambda$new$1(EventFiringWebDriver.java:107)
at com.sun.proxy.$Proxy10.findElement(Unknown Source)
at org.openqa.selenium.support.events.EventFiringWebDriver.findElement(EventFiringWebDriver.java:194)
at org.openqa.selenium.support.pagefactory.DefaultElementLocator.findElement(DefaultElementLocator.java:69)
at org.openqa.selenium.support.pagefactory.internal.LocatingElementHandler.invoke(LocatingElementHandler.java:38)
at com.sun.proxy.$Proxy14.getText(Unknown Source)
at webpages.TimeGroupsPage.add_timegroup(TimeGroupsPage.java:147)
at testcases.TimeGroupsPage_Test.add_timegroup(TimeGroupsPage_Test.java:43)
at java.util.ArrayList.forEach(ArrayList.java:1257)
... Removed 30 stack frames]]>
    </failure>
  </testcase> <!-- add_timegroup -->
  <testcase name="add1_timegroup" time="25.158" classname="testcases.TimeGroupsPage_Test">
    <failure type="java.lang.NullPointerException">
      <![CDATA[java.lang.NullPointerException
at reusefunctions.ReuseFunctions.takeScreenshotAtEndOfTest(ReuseFunctions.java:57)
at webeventlistner.WebEventListener.onException(WebEventListener.java:63)
at org.openqa.selenium.support.events.EventFiringWebDriver.lambda$new$0(EventFiringWebDriver.java:84)
at com.sun.proxy.$Proxy9.onException(Unknown Source)
at org.openqa.selenium.support.events.EventFiringWebDriver$EventFiringWebElement.lambda$new$0(EventFiringWebDriver.java:406)
at com.sun.proxy.$Proxy15.click(Unknown Source)
at org.openqa.selenium.support.events.EventFiringWebDriver$EventFiringWebElement.click(EventFiringWebDriver.java:417)
at org.openqa.selenium.support.pagefactory.internal.LocatingElementHandler.invoke(LocatingElementHandler.java:51)
at com.sun.proxy.$Proxy14.click(Unknown Source)
at webpages.TimeGroupsPage.add1_timegroup(TimeGroupsPage.java:201)
at testcases.TimeGroupsPage_Test.add1_timegroup(TimeGroupsPage_Test.java:57)
at java.util.ArrayList.forEach(ArrayList.java:1257)
... Removed 33 stack frames]]>
    </failure>
  </testcase> <!-- add1_timegroup -->
  <testcase name="edit_timegroup" time="25.172" classname="testcases.TimeGroupsPage_Test">
    <failure type="java.lang.NullPointerException">
      <![CDATA[java.lang.NullPointerException
at reusefunctions.ReuseFunctions.takeScreenshotAtEndOfTest(ReuseFunctions.java:57)
at webeventlistner.WebEventListener.onException(WebEventListener.java:63)
at org.openqa.selenium.support.events.EventFiringWebDriver.lambda$new$0(EventFiringWebDriver.java:84)
at com.sun.proxy.$Proxy9.onException(Unknown Source)
at org.openqa.selenium.support.events.EventFiringWebDriver$EventFiringWebElement.lambda$new$0(EventFiringWebDriver.java:406)
at com.sun.proxy.$Proxy15.click(Unknown Source)
at org.openqa.selenium.support.events.EventFiringWebDriver$EventFiringWebElement.click(EventFiringWebDriver.java:417)
at org.openqa.selenium.support.pagefactory.internal.LocatingElementHandler.invoke(LocatingElementHandler.java:51)
at com.sun.proxy.$Proxy14.click(Unknown Source)
at webpages.TimeGroupsPage.edit_timegroup(TimeGroupsPage.java:155)
at testcases.TimeGroupsPage_Test.edit_timegroup(TimeGroupsPage_Test.java:50)
at java.util.ArrayList.forEach(ArrayList.java:1257)
... Removed 33 stack frames]]>
    </failure>
  </testcase> <!-- edit_timegroup -->
  <testcase name="timecondition_validation" time="7.457" classname="testcases.TimeConditionsPage_Test"/>
  <testcase name="add_timecondition" time="3.435" classname="testcases.TimeConditionsPage_Test"/>
  <testcase name="edit_timecondition" time="12.599" classname="testcases.TimeConditionsPage_Test"/>
  <testcase name="delete_timecondition" time="7.752" classname="testcases.TimeConditionsPage_Test"/>
  <testcase name="paging_validation" time="8.005" classname="testcases.PagingIntercomPage_Test"/>
  <testcase name="add_paging" time="8.164" classname="testcases.PagingIntercomPage_Test"/>
  <testcase name="edit_paging" time="10.555" classname="testcases.PagingIntercomPage_Test"/>
  <testcase name="delete_paging" time="7.819" classname="testcases.PagingIntercomPage_Test"/>
  <testcase name="listofdid_validation" time="7.114" classname="testcases.ListofDidsPage_Test"/>
  <testcase name="add_listofdid" time="7.912" classname="testcases.ListofDidsPage_Test">
    <failure type="java.lang.NullPointerException">
      <![CDATA[java.lang.NullPointerException
at reusefunctions.ReuseFunctions.takeScreenshotAtEndOfTest(ReuseFunctions.java:57)
at webeventlistner.WebEventListener.onException(WebEventListener.java:63)
at org.openqa.selenium.support.events.EventFiringWebDriver.lambda$new$0(EventFiringWebDriver.java:84)
at com.sun.proxy.$Proxy9.onException(Unknown Source)
at org.openqa.selenium.support.events.EventFiringWebDriver$EventFiringWebElement.lambda$new$0(EventFiringWebDriver.java:406)
at com.sun.proxy.$Proxy15.click(Unknown Source)
at org.openqa.selenium.support.events.EventFiringWebDriver$EventFiringWebElement.click(EventFiringWebDriver.java:417)
at org.openqa.selenium.support.pagefactory.internal.LocatingElementHandler.invoke(LocatingElementHandler.java:51)
at com.sun.proxy.$Proxy14.click(Unknown Source)
at webpages.ListofDidsPage.add_listofdid(ListofDidsPage.java:98)
at testcases.ListofDidsPage_Test.add_listofdid(ListofDidsPage_Test.java:48)
at java.util.ArrayList.forEach(ArrayList.java:1257)
... Removed 33 stack frames]]>
    </failure>
  </testcase> <!-- add_listofdid -->
  <testcase name="add_callforwardfield" time="25.115" classname="testcases.ListofDidsPage_Test">
    <failure type="java.lang.NullPointerException">
      <![CDATA[java.lang.NullPointerException
at reusefunctions.ReuseFunctions.takeScreenshotAtEndOfTest(ReuseFunctions.java:57)
at webeventlistner.WebEventListener.onException(WebEventListener.java:63)
at org.openqa.selenium.support.events.EventFiringWebDriver.lambda$new$0(EventFiringWebDriver.java:84)
at com.sun.proxy.$Proxy9.onException(Unknown Source)
at org.openqa.selenium.support.events.EventFiringWebDriver$EventFiringWebElement.lambda$new$0(EventFiringWebDriver.java:406)
at com.sun.proxy.$Proxy15.click(Unknown Source)
at org.openqa.selenium.support.events.EventFiringWebDriver$EventFiringWebElement.click(EventFiringWebDriver.java:417)
at org.openqa.selenium.support.pagefactory.internal.LocatingElementHandler.invoke(LocatingElementHandler.java:51)
at com.sun.proxy.$Proxy14.click(Unknown Source)
at webpages.ListofDidsPage.add_callforwardfield(ListofDidsPage.java:106)
at testcases.ListofDidsPage_Test.add_callforwardfield(ListofDidsPage_Test.java:55)
at java.util.ArrayList.forEach(ArrayList.java:1257)
... Removed 33 stack frames]]>
    </failure>
  </testcase> <!-- add_callforwardfield -->
  <testcase name="edit_listdid" time="25.044" classname="testcases.ListofDidsPage_Test">
    <failure type="java.lang.NullPointerException">
      <![CDATA[java.lang.NullPointerException
at reusefunctions.ReuseFunctions.takeScreenshotAtEndOfTest(ReuseFunctions.java:57)
at webeventlistner.WebEventListener.onException(WebEventListener.java:63)
at org.openqa.selenium.support.events.EventFiringWebDriver.lambda$new$0(EventFiringWebDriver.java:84)
at com.sun.proxy.$Proxy9.onException(Unknown Source)
at org.openqa.selenium.support.events.EventFiringWebDriver.lambda$new$1(EventFiringWebDriver.java:107)
at com.sun.proxy.$Proxy10.findElement(Unknown Source)
at org.openqa.selenium.support.events.EventFiringWebDriver.findElement(EventFiringWebDriver.java:194)
at org.openqa.selenium.support.pagefactory.DefaultElementLocator.findElement(DefaultElementLocator.java:69)
at org.openqa.selenium.support.pagefactory.internal.LocatingElementHandler.invoke(LocatingElementHandler.java:38)
at com.sun.proxy.$Proxy14.click(Unknown Source)
at webpages.ListofDidsPage.edit_listdid(ListofDidsPage.java:156)
at testcases.ListofDidsPage_Test.edit_listdid(ListofDidsPage_Test.java:62)
at java.util.ArrayList.forEach(ArrayList.java:1257)
... Removed 30 stack frames]]>
    </failure>
  </testcase> <!-- edit_listdid -->
  <testcase name="addsamedid_listofdid" time="25.158" classname="testcases.ListofDidsPage_Test">
    <failure type="java.lang.NullPointerException">
      <![CDATA[java.lang.NullPointerException
at reusefunctions.ReuseFunctions.takeScreenshotAtEndOfTest(ReuseFunctions.java:57)
at webeventlistner.WebEventListener.onException(WebEventListener.java:63)
at org.openqa.selenium.support.events.EventFiringWebDriver.lambda$new$0(EventFiringWebDriver.java:84)
at com.sun.proxy.$Proxy9.onException(Unknown Source)
at org.openqa.selenium.support.events.EventFiringWebDriver$EventFiringWebElement.lambda$new$0(EventFiringWebDriver.java:406)
at com.sun.proxy.$Proxy15.click(Unknown Source)
at org.openqa.selenium.support.events.EventFiringWebDriver$EventFiringWebElement.click(EventFiringWebDriver.java:417)
at org.openqa.selenium.support.pagefactory.internal.LocatingElementHandler.invoke(LocatingElementHandler.java:51)
at com.sun.proxy.$Proxy14.click(Unknown Source)
at webpages.ListofDidsPage.addsamedid_listofdid(ListofDidsPage.java:133)
at testcases.ListofDidsPage_Test.addsamedid_listofdid(ListofDidsPage_Test.java:69)
at java.util.ArrayList.forEach(ArrayList.java:1257)
... Removed 33 stack frames]]>
    </failure>
  </testcase> <!-- addsamedid_listofdid -->
  <testcase name="timecondition_validation" time="7.493" classname="testcases.IvrOptionsPage_Test"/>
  <testcase name="add_ivroption" time="18.361" classname="testcases.IvrOptionsPage_Test"/>
  <testcase name="edit_ivroption" time="25.536" classname="testcases.IvrOptionsPage_Test"/>
  <testcase name="delete_ivroption" time="7.541" classname="testcases.IvrOptionsPage_Test"/>
  <testcase name="featurecode_validation" time="25.024" classname="testcases.FeatureCodePage_Test">
    <failure type="java.lang.NullPointerException">
      <![CDATA[java.lang.NullPointerException
at reusefunctions.ReuseFunctions.takeScreenshotAtEndOfTest(ReuseFunctions.java:57)
at webeventlistner.WebEventListener.onException(WebEventListener.java:63)
at org.openqa.selenium.support.events.EventFiringWebDriver.lambda$new$0(EventFiringWebDriver.java:84)
at com.sun.proxy.$Proxy9.onException(Unknown Source)
at org.openqa.selenium.support.events.EventFiringWebDriver.lambda$new$1(EventFiringWebDriver.java:107)
at com.sun.proxy.$Proxy10.findElement(Unknown Source)
at org.openqa.selenium.support.events.EventFiringWebDriver.findElement(EventFiringWebDriver.java:194)
at org.openqa.selenium.support.pagefactory.DefaultElementLocator.findElement(DefaultElementLocator.java:69)
at org.openqa.selenium.support.pagefactory.internal.LocatingElementHandler.invoke(LocatingElementHandler.java:38)
at com.sun.proxy.$Proxy14.click(Unknown Source)
at webpages.FeatureCodePage.featurecode_validation(FeatureCodePage.java:47)
at testcases.FeatureCodePage_Test.featurecode_validation(FeatureCodePage_Test.java:34)
at java.util.ArrayList.forEach(ArrayList.java:1257)
... Removed 30 stack frames]]>
    </failure>
  </testcase> <!-- featurecode_validation -->
  <testcase name="deactive_validation" time="21.118" classname="testcases.FeatureCodePage_Test">
    <failure type="java.lang.NullPointerException">
      <![CDATA[java.lang.NullPointerException
at reusefunctions.ReuseFunctions.takeScreenshotAtEndOfTest(ReuseFunctions.java:57)
at webeventlistner.WebEventListener.onException(WebEventListener.java:63)
at org.openqa.selenium.support.events.EventFiringWebDriver.lambda$new$0(EventFiringWebDriver.java:84)
at com.sun.proxy.$Proxy9.onException(Unknown Source)
at org.openqa.selenium.support.events.EventFiringWebDriver.lambda$new$1(EventFiringWebDriver.java:107)
at com.sun.proxy.$Proxy10.findElement(Unknown Source)
at org.openqa.selenium.support.events.EventFiringWebDriver.findElement(EventFiringWebDriver.java:194)
at org.openqa.selenium.support.pagefactory.DefaultElementLocator.findElement(DefaultElementLocator.java:69)
at org.openqa.selenium.support.pagefactory.internal.LocatingElementHandler.invoke(LocatingElementHandler.java:38)
at com.sun.proxy.$Proxy14.click(Unknown Source)
at webpages.FeatureCodePage.deactive_validation(FeatureCodePage.java:57)
at testcases.FeatureCodePage_Test.deactive_validation(FeatureCodePage_Test.java:41)
at java.util.ArrayList.forEach(ArrayList.java:1257)
... Removed 30 stack frames]]>
    </failure>
  </testcase> <!-- deactive_validation -->
  <testcase name="extension_validation" time="8.428" classname="testcases.ListofExtensionsUserDevice_Test"/>
  <testcase name="add_extension" time="6.906" classname="testcases.ListofExtensionsUserDevice_Test"/>
  <testcase name="edit_extension" time="10.297" classname="testcases.ListofExtensionsUserDevice_Test"/>
  <testcase name="followme_extension" time="11.234" classname="testcases.ListofExtensionsUserDevice_Test"/>
  <testcase name="edit_follow_extension" time="13.067" classname="testcases.ListofExtensionsUserDevice_Test"/>
  <testcase name="check_bulk_extension" time="27.748" classname="testcases.ListofExtensionsUserDevice_Test">
    <failure type="org.openqa.selenium.NoSuchElementException" message="Cannot locate element with text: 25
For documentation on this error, please visit: http://seleniumhq.org/exceptions/no_such_element.html
Build info: version: &amp;apos;3.141.5&amp;apos;, revision: &amp;apos;d54ebd709a&amp;apos;, time: &amp;apos;2018-11-06T11:42:16&amp;apos;
System info: host: &amp;apos;DESKTOP-4C220HH&amp;apos;, ip: &amp;apos;192.168.200.23&amp;apos;, os.name: &amp;apos;Windows 10&amp;apos;, os.arch: &amp;apos;amd64&amp;apos;, os.version: &amp;apos;10.0&amp;apos;, java.version: &amp;apos;1.8.0_251&amp;apos;
Driver info: driver.version: unknown">
      <![CDATA[org.openqa.selenium.NoSuchElementException: Cannot locate element with text: 25
For documentation on this error, please visit: http://seleniumhq.org/exceptions/no_such_element.html
Build info: version: '3.141.5', revision: 'd54ebd709a', time: '2018-11-06T11:42:16'
System info: host: 'DESKTOP-4C220HH', ip: '192.168.200.23', os.name: 'Windows 10', os.arch: 'amd64', os.version: '10.0', java.version: '1.8.0_251'
Driver info: driver.version: unknown
at org.openqa.selenium.support.ui.Select.selectByVisibleText(Select.java:141)
at webpages.ListofExtensionsUserDevice.check_bulk_extension(ListofExtensionsUserDevice.java:231)
at testcases.ListofExtensionsUserDevice_Test.check_bulk_extension(ListofExtensionsUserDevice_Test.java:78)
at java.util.ArrayList.forEach(ArrayList.java:1257)
... Removed 27 stack frames]]>
    </failure>
  </testcase> <!-- check_bulk_extension -->
  <testcase name="delete_extension" time="6.222" classname="testcases.ListofExtensionsUserDevice_Test">
    <failure type="java.lang.NullPointerException">
      <![CDATA[java.lang.NullPointerException
at reusefunctions.ReuseFunctions.takeScreenshotAtEndOfTest(ReuseFunctions.java:57)
at webeventlistner.WebEventListener.onException(WebEventListener.java:63)
at org.openqa.selenium.support.events.EventFiringWebDriver.lambda$new$0(EventFiringWebDriver.java:84)
at com.sun.proxy.$Proxy9.onException(Unknown Source)
at org.openqa.selenium.support.events.EventFiringWebDriver$EventFiringWebElement.lambda$new$0(EventFiringWebDriver.java:406)
at com.sun.proxy.$Proxy15.click(Unknown Source)
at org.openqa.selenium.support.events.EventFiringWebDriver$EventFiringWebElement.click(EventFiringWebDriver.java:417)
at org.openqa.selenium.support.pagefactory.internal.LocatingElementHandler.invoke(LocatingElementHandler.java:51)
at com.sun.proxy.$Proxy14.click(Unknown Source)
at webpages.ListofExtensionsUserDevice.delete_extension(ListofExtensionsUserDevice.java:243)
at testcases.ListofExtensionsUserDevice_Test.delete_extension(ListofExtensionsUserDevice_Test.java:86)
at java.util.ArrayList.forEach(ArrayList.java:1257)
... Removed 33 stack frames]]>
    </failure>
  </testcase> <!-- delete_extension -->
  <testcase name="wronginputs" time="0.0" classname="testcases.SystemRecordingPage_Test">
    <ignored/>
  </testcase> <!-- wronginputs -->
  <testcase name="radioedit_confrencepage" time="0.0" classname="testcases.ConferencePage_Test">
    <ignored/>
  </testcase> <!-- radioedit_confrencepage -->
</testsuite> <!-- Test -->
